Using pre-set license
Built from '2020.3/staging' branch; Version is '2020.3.28f1 (f5400f52e03f) revision 16072719'; Using compiler version '192528614'; Build Type 'Release'
OS: 'Windows 10  (10.0.19043) 64bit Core' Language: 'en' Physical Memory: 65358 MB
BatchMode: 1, IsHumanControllingUs: 0, StartBugReporterOnCrash: 0, Is64bit: 1, IsPro: 0

COMMAND LINE ARGUMENTS:
C:\Program Files\Unity\Hub\Editor\2020.3.28f1\Editor\Unity.exe
-adb2
-batchMode
-noUpm
-name
AssetImportWorker1
-projectPath
D:/D drive UNITY PROJECTS/GameJam
-logFile
Logs/AssetImportWorker1.log
-srvPort
51595
Successfully changed project path to: D:/D drive UNITY PROJECTS/GameJam
D:/D drive UNITY PROJECTS/GameJam
Using Asset Import Pipeline V2.
Refreshing native plugins compatible for Editor in 38.90 ms, found 3 plugins.
Preloading 0 native plugins for Editor in 0.00 ms.
Initialize engine version: 2020.3.28f1 (f5400f52e03f)
[Subsystems] Discovering subsystems at path C:/Program Files/Unity/Hub/Editor/2020.3.28f1/Editor/Data/Resources/UnitySubsystems
[Subsystems] Discovering subsystems at path D:/D drive UNITY PROJECTS/GameJam/Assets
GfxDevice: creating device client; threaded=0
Direct3D:
    Version:  Direct3D 11.0 [level 11.1]
    Renderer: NVIDIA GeForce RTX 2080 Ti (ID=0x1e07)
    Vendor:   
    VRAM:     11049 MB
    Driver:   30.0.15.1215
Initialize mono
Mono path[0] = 'C:/Program Files/Unity/Hub/Editor/2020.3.28f1/Editor/Data/Managed'
Mono path[1] = 'C:/Program Files/Unity/Hub/Editor/2020.3.28f1/Editor/Data/MonoBleedingEdge/lib/mono/unityjit'
Mono config path = 'C:/Program Files/Unity/Hub/Editor/2020.3.28f1/Editor/Data/MonoBleedingEdge/etc'
Using monoOptions --debugger-agent=transport=dt_socket,embedding=1,server=y,suspend=n,address=127.0.0.1:56456
Begin MonoManager ReloadAssembly
Registering precompiled unity dll's ...
Register platform support module: C:/Program Files/Unity/Hub/Editor/2020.3.28f1/Editor/Data/PlaybackEngines/MacStandaloneSupport/UnityEditor.OSXStandalone.Extensions.dll
Register platform support module: C:/Program Files/Unity/Hub/Editor/2020.3.28f1/Editor/Data/PlaybackEngines/WindowsStandaloneSupport/UnityEditor.WindowsStandalone.Extensions.dll
Registered in 0.001958 seconds.
Native extension for WindowsStandalone target not found
Native extension for OSXStandalone target not found
Refreshing native plugins compatible for Editor in 38.29 ms, found 3 plugins.
Preloading 0 native plugins for Editor in 0.00 ms.
Mono: successfully reloaded assembly
- Completed reload, in  0.483 seconds
Domain Reload Profiling:
	ReloadAssembly (483ms)
		BeginReloadAssembly (51ms)
			ExecutionOrderSort (0ms)
			DisableScriptedObjects (0ms)
			BackupInstance (0ms)
			ReleaseScriptingObjects (0ms)
			CreateAndSetChildDomain (1ms)
		EndReloadAssembly (373ms)
			LoadAssemblies (50ms)
			RebuildTransferFunctionScriptingTraits (0ms)
			SetupTypeCache (119ms)
			ReleaseScriptCaches (0ms)
			RebuildScriptCaches (24ms)
			SetupLoadedEditorAssemblies (146ms)
				LogAssemblyErrors (0ms)
				InitializePlatformSupportModulesInManaged (4ms)
				SetLoadedEditorAssemblies (0ms)
				RefreshPlugins (38ms)
				BeforeProcessingInitializeOnLoad (13ms)
				ProcessInitializeOnLoadAttributes (66ms)
				ProcessInitializeOnLoadMethodAttributes (24ms)
				AfterProcessingInitializeOnLoad (0ms)
				EditorAssembliesLoaded (0ms)
			ExecutionOrderSort2 (0ms)
			AwakeInstancesAfterBackupRestoration (0ms)
Platform modules already initialized, skipping
Registering precompiled user dll's ...
Registered in 0.003760 seconds.
Begin MonoManager ReloadAssembly
Native extension for WindowsStandalone target not found
Native extension for OSXStandalone target not found
Refreshing native plugins compatible for Editor in 0.46 ms, found 3 plugins.
Preloading 0 native plugins for Editor in 0.00 ms.
Mono: successfully reloaded assembly
- Completed reload, in  0.880 seconds
Domain Reload Profiling:
	ReloadAssembly (880ms)
		BeginReloadAssembly (120ms)
			ExecutionOrderSort (0ms)
			DisableScriptedObjects (4ms)
			BackupInstance (0ms)
			ReleaseScriptingObjects (0ms)
			CreateAndSetChildDomain (15ms)
		EndReloadAssembly (712ms)
			LoadAssemblies (80ms)
			RebuildTransferFunctionScriptingTraits (0ms)
			SetupTypeCache (248ms)
			ReleaseScriptCaches (0ms)
			RebuildScriptCaches (43ms)
			SetupLoadedEditorAssemblies (272ms)
				LogAssemblyErrors (0ms)
				InitializePlatformSupportModulesInManaged (4ms)
				SetLoadedEditorAssemblies (0ms)
				RefreshPlugins (1ms)
				BeforeProcessingInitializeOnLoad (69ms)
				ProcessInitializeOnLoadAttributes (182ms)
				ProcessInitializeOnLoadMethodAttributes (10ms)
				AfterProcessingInitializeOnLoad (6ms)
				EditorAssembliesLoaded (0ms)
			ExecutionOrderSort2 (0ms)
			AwakeInstancesAfterBackupRestoration (5ms)
Platform modules already initialized, skipping
========================================================================
Worker process is ready to serve import requests
Launched and connected shader compiler UnityShaderCompiler.exe after 0.06 seconds
Refreshing native plugins compatible for Editor in 0.51 ms, found 3 plugins.
Preloading 0 native plugins for Editor in 0.00 ms.
Unloading 2328 Unused Serialized files (Serialized files now loaded: 0)
System memory in use before: 179.9 MB.
System memory in use after: 180.1 MB.

Unloading 25 unused Assets to reduce memory usage. Loaded Objects now: 2767.
Total: 2.341800 ms (FindLiveObjects: 0.144600 ms CreateObjectMapping: 0.074700 ms MarkObjects: 2.071700 ms  DeleteObjects: 0.050300 ms)

AssetImportParameters requested are different than current active one (requested -> active):
  custom:framework-win-MediaFoundation: 216162199b28c13a410421893ffa2e32 -> 
  custom:video-decoder-ogg-theora: a1e56fd34408186e4bbccfd4996cb3dc -> 
  custom:container-muxer-webm: aa71ff27fc2769a1b78a27578f13a17b -> 
  custom:container-demuxer-webm: 4f35f7cbe854078d1ac9338744f61a02 -> 
  custom:container-demuxer-ogg: 62fdf1f143b41e24485cea50d1cbac27 -> 
  custom:video-encoder-webm-vp8: eb34c28f22e8b96e1ab97ce403110664 -> 
  custom:video-codec-MediaFoundation-h265: 746d11721c4dcdbdad8f713fa42b33f4 -> 
  custom:video-decoder-webm-vp8: 9c59270c3fd7afecdb556c50c9e8de78 -> 
  custom:audio-decoder-ogg-vorbis: bf7c407c2cedff20999df2af8eb42d56 -> 
  custom:audio-encoder-webm-vorbis: bf7c407c2cedff20999df2af8eb42d56 -> 
========================================================================
Received Prepare
Registering precompiled user dll's ...
Registered in 0.003337 seconds.
Begin MonoManager ReloadAssembly
Native extension for WindowsStandalone target not found
Native extension for OSXStandalone target not found
Refreshing native plugins compatible for Editor in 0.47 ms, found 3 plugins.
Preloading 0 native plugins for Editor in 0.00 ms.
Mono: successfully reloaded assembly
- Completed reload, in  0.895 seconds
Domain Reload Profiling:
	ReloadAssembly (895ms)
		BeginReloadAssembly (98ms)
			ExecutionOrderSort (0ms)
			DisableScriptedObjects (4ms)
			BackupInstance (0ms)
			ReleaseScriptingObjects (0ms)
			CreateAndSetChildDomain (29ms)
		EndReloadAssembly (747ms)
			LoadAssemblies (86ms)
			RebuildTransferFunctionScriptingTraits (0ms)
			SetupTypeCache (282ms)
			ReleaseScriptCaches (1ms)
			RebuildScriptCaches (36ms)
			SetupLoadedEditorAssemblies (268ms)
				LogAssemblyErrors (0ms)
				InitializePlatformSupportModulesInManaged (4ms)
				SetLoadedEditorAssemblies (0ms)
				RefreshPlugins (1ms)
				BeforeProcessingInitializeOnLoad (66ms)
				ProcessInitializeOnLoadAttributes (183ms)
				ProcessInitializeOnLoadMethodAttributes (8ms)
				AfterProcessingInitializeOnLoad (6ms)
				EditorAssembliesLoaded (0ms)
			ExecutionOrderSort2 (0ms)
			AwakeInstancesAfterBackupRestoration (7ms)
Platform modules already initialized, skipping
Refreshing native plugins compatible for Editor in 0.50 ms, found 3 plugins.
Preloading 0 native plugins for Editor in 0.00 ms.
Unloading 2276 Unused Serialized files (Serialized files now loaded: 0)
System memory in use before: 175.3 MB.
System memory in use after: 175.6 MB.

Unloading 18 unused Assets to reduce memory usage. Loaded Objects now: 2769.
Total: 2.600000 ms (FindLiveObjects: 0.170400 ms CreateObjectMapping: 0.084600 ms MarkObjects: 2.325400 ms  DeleteObjects: 0.019000 ms)

AssetImportParameters requested are different than current active one (requested -> active):
  custom:framework-win-MediaFoundation: 216162199b28c13a410421893ffa2e32 -> 
  custom:video-decoder-ogg-theora: a1e56fd34408186e4bbccfd4996cb3dc -> 
  custom:container-muxer-webm: aa71ff27fc2769a1b78a27578f13a17b -> 
  custom:container-demuxer-webm: 4f35f7cbe854078d1ac9338744f61a02 -> 
  custom:container-demuxer-ogg: 62fdf1f143b41e24485cea50d1cbac27 -> 
  custom:video-encoder-webm-vp8: eb34c28f22e8b96e1ab97ce403110664 -> 
  custom:video-codec-MediaFoundation-h265: 746d11721c4dcdbdad8f713fa42b33f4 -> 
  custom:video-decoder-webm-vp8: 9c59270c3fd7afecdb556c50c9e8de78 -> 
  custom:audio-decoder-ogg-vorbis: bf7c407c2cedff20999df2af8eb42d56 -> 
  custom:audio-encoder-webm-vorbis: bf7c407c2cedff20999df2af8eb42d56 -> 
========================================================================
Received Import Request.
  path: Assets/Custom/Models/GroundWithHole.fbx
  artifactKey: Guid(e4f30f1721ac2254db98e5886e5105f9) Importer(815301076,1909f56bfc062723c751e8b465ee728b)
Start importing Assets/Custom/Models/GroundWithHole.fbx using Guid(e4f30f1721ac2254db98e5886e5105f9) Importer(815301076,1909f56bfc062723c751e8b465ee728b)  -> (artifact id: '618f04c03e1d1e8953457fc8ae9f2cf2') in 0.170535 seconds 
  Import took 0.174143 seconds .

========================================================================
Received Import Request.
  Time since last request: 2.550217 seconds.
  path: Assets/Custom/Fonts/8-Bit SDF.asset
  artifactKey: Guid(39104f17a64c9c24e9585c8a0e10b06d) Importer(815301076,1909f56bfc062723c751e8b465ee728b)
Start importing Assets/Custom/Fonts/8-Bit SDF.asset using Guid(39104f17a64c9c24e9585c8a0e10b06d) Importer(815301076,1909f56bfc062723c751e8b465ee728b)  -> (artifact id: '8dbf4606f940d94be10fedbe6ac7d4b1') in 0.051901 seconds 
  Import took 0.054942 seconds .

========================================================================
Received Import Request.
  Time since last request: 8.677383 seconds.
  path: Assets/Custom/Models/GroundWithHole.fbx
  artifactKey: Guid(e4f30f1721ac2254db98e5886e5105f9) Importer(815301076,1909f56bfc062723c751e8b465ee728b)
Start importing Assets/Custom/Models/GroundWithHole.fbx using Guid(e4f30f1721ac2254db98e5886e5105f9) Importer(815301076,1909f56bfc062723c751e8b465ee728b)  -> (artifact id: '3043b48d494f6faebdb9186c86941e0b') in 0.026003 seconds 
  Import took 0.029032 seconds .

========================================================================
Received Import Request.
  Time since last request: 169.367524 seconds.
  path: Assets/Custom/Sprites/Dirt.png
  artifactKey: Guid(a9227a5a355e0fe47bfbff624d5d2094) Importer(815301076,1909f56bfc062723c751e8b465ee728b)
Start importing Assets/Custom/Sprites/Dirt.png using Guid(a9227a5a355e0fe47bfbff624d5d2094) Importer(815301076,1909f56bfc062723c751e8b465ee728b)  -> (artifact id: '233f1054dd7610b82e87a79f859632db') in 0.031896 seconds 
  Import took 0.035490 seconds .

========================================================================
Received Import Request.
  Time since last request: 7.396003 seconds.
  path: Assets/Custom/Sprites/Dirt.png
  artifactKey: Guid(a9227a5a355e0fe47bfbff624d5d2094) Importer(815301076,1909f56bfc062723c751e8b465ee728b)
Start importing Assets/Custom/Sprites/Dirt.png using Guid(a9227a5a355e0fe47bfbff624d5d2094) Importer(815301076,1909f56bfc062723c751e8b465ee728b)  -> (artifact id: '613962fada1d618ae75e3e14b70dfdf3') in 0.032914 seconds 
  Import took 0.035997 seconds .

========================================================================
Received Import Request.
  Time since last request: 6.388311 seconds.
  path: Assets/Custom/Sprites/Dirt.png
  artifactKey: Guid(a9227a5a355e0fe47bfbff624d5d2094) Importer(815301076,1909f56bfc062723c751e8b465ee728b)
Start importing Assets/Custom/Sprites/Dirt.png using Guid(a9227a5a355e0fe47bfbff624d5d2094) Importer(815301076,1909f56bfc062723c751e8b465ee728b)  -> (artifact id: 'c21c0ba1bc00b3d56028b042c46a9acb') in 0.006170 seconds 
  Import took 0.009316 seconds .

========================================================================
Received Import Request.
  Time since last request: 7.259885 seconds.
  path: Assets/Custom/Models/Materials/Grass 1.mat
  artifactKey: Guid(de8d41a499de6144cb82ab9dc65da7d0) Importer(815301076,1909f56bfc062723c751e8b465ee728b)
Start importing Assets/Custom/Models/Materials/Grass 1.mat using Guid(de8d41a499de6144cb82ab9dc65da7d0) Importer(815301076,1909f56bfc062723c751e8b465ee728b)  -> (artifact id: '29fd0686b1ef00eececad5de2c329328') in 0.014647 seconds 
  Import took 0.017715 seconds .

========================================================================
Received Import Request.
  Time since last request: 1.525590 seconds.
  path: Assets/Custom/Models/Materials/Dirt.mat
  artifactKey: Guid(de8d41a499de6144cb82ab9dc65da7d0) Importer(815301076,1909f56bfc062723c751e8b465ee728b)
Start importing Assets/Custom/Models/Materials/Dirt.mat using Guid(de8d41a499de6144cb82ab9dc65da7d0) Importer(815301076,1909f56bfc062723c751e8b465ee728b)  -> (artifact id: '5b0366047c24070316ccf103f1197a06') in 0.009805 seconds 
  Import took 0.012850 seconds .

========================================================================
Received Import Request.
  Time since last request: 10.600785 seconds.
  path: Assets/Custom/Models/Materials/Dirt.mat
  artifactKey: Guid(de8d41a499de6144cb82ab9dc65da7d0) Importer(815301076,1909f56bfc062723c751e8b465ee728b)
Start importing Assets/Custom/Models/Materials/Dirt.mat using Guid(de8d41a499de6144cb82ab9dc65da7d0) Importer(815301076,1909f56bfc062723c751e8b465ee728b)  -> (artifact id: '0e784ffe1157de622bfb7d04355b10c6') in 0.009885 seconds 
  Import took 0.012889 seconds .

========================================================================
Received Import Request.
  Time since last request: 308.854839 seconds.
  path: Assets/Custom/Models/Materials/Dirt.mat
  artifactKey: Guid(de8d41a499de6144cb82ab9dc65da7d0) Importer(815301076,1909f56bfc062723c751e8b465ee728b)
Start importing Assets/Custom/Models/Materials/Dirt.mat using Guid(de8d41a499de6144cb82ab9dc65da7d0) Importer(815301076,1909f56bfc062723c751e8b465ee728b)  -> (artifact id: 'b93d28c19e0c1ee8e641aff937d8df37') in 0.013732 seconds 
  Import took 0.017526 seconds .

========================================================================
Received Import Request.
  Time since last request: 14.226441 seconds.
  path: Assets/Custom/Sprites/Sign.png
  artifactKey: Guid(efb76774bde40ff49a7ef2855819babd) Importer(815301076,1909f56bfc062723c751e8b465ee728b)
Start importing Assets/Custom/Sprites/Sign.png using Guid(efb76774bde40ff49a7ef2855819babd) Importer(815301076,1909f56bfc062723c751e8b465ee728b)  -> (artifact id: '04a65698e1fcb390559bdd896412d0ad') in 0.021561 seconds 
  Import took 0.024628 seconds .

========================================================================
Received Import Request.
  Time since last request: 7.709053 seconds.
  path: Assets/Custom/Sprites/Sign.png
  artifactKey: Guid(efb76774bde40ff49a7ef2855819babd) Importer(815301076,1909f56bfc062723c751e8b465ee728b)
Start importing Assets/Custom/Sprites/Sign.png using Guid(efb76774bde40ff49a7ef2855819babd) Importer(815301076,1909f56bfc062723c751e8b465ee728b)  -> (artifact id: '65f719cebc8ee7c4f40a92c8858467b5') in 0.040908 seconds 
  Import took 0.043846 seconds .

========================================================================
Received Import Request.
  Time since last request: 40.696906 seconds.
  path: Assets/Custom/Models/Materials/Spike 1.mat
  artifactKey: Guid(88f5e31152447ed43b012643dd95d31a) Importer(815301076,1909f56bfc062723c751e8b465ee728b)
Start importing Assets/Custom/Models/Materials/Spike 1.mat using Guid(88f5e31152447ed43b012643dd95d31a) Importer(815301076,1909f56bfc062723c751e8b465ee728b)  -> (artifact id: 'd0b7a530c033c9cba221c552af1aea1b') in 0.022090 seconds 
  Import took 0.025365 seconds .

========================================================================
Received Import Request.
  Time since last request: 2.698801 seconds.
  path: Assets/Custom/Models/Materials/Sign.mat
  artifactKey: Guid(88f5e31152447ed43b012643dd95d31a) Importer(815301076,1909f56bfc062723c751e8b465ee728b)
Start importing Assets/Custom/Models/Materials/Sign.mat using Guid(88f5e31152447ed43b012643dd95d31a) Importer(815301076,1909f56bfc062723c751e8b465ee728b)  -> (artifact id: '50e1caea01d1079713467bc85b4b7f72') in 0.006040 seconds 
  Import took 0.009053 seconds .

========================================================================
Received Import Request.
  Time since last request: 8.411293 seconds.
  path: Assets/Custom/Models/Materials/Sign.mat
  artifactKey: Guid(88f5e31152447ed43b012643dd95d31a) Importer(815301076,1909f56bfc062723c751e8b465ee728b)
Start importing Assets/Custom/Models/Materials/Sign.mat using Guid(88f5e31152447ed43b012643dd95d31a) Importer(815301076,1909f56bfc062723c751e8b465ee728b)  -> (artifact id: '4f2e85f58417b13b9652a889c2756757') in 0.014085 seconds 
  Import took 0.017072 seconds .

========================================================================
Received Prepare
Registering precompiled user dll's ...
Registered in 0.002960 seconds.
Begin MonoManager ReloadAssembly
Native extension for WindowsStandalone target not found
Native extension for OSXStandalone target not found
Refreshing native plugins compatible for Editor in 0.46 ms, found 3 plugins.
Preloading 0 native plugins for Editor in 0.00 ms.
Mono: successfully reloaded assembly
- Completed reload, in  0.824 seconds
Domain Reload Profiling:
	ReloadAssembly (825ms)
		BeginReloadAssembly (95ms)
			ExecutionOrderSort (0ms)
			DisableScriptedObjects (3ms)
			BackupInstance (0ms)
			ReleaseScriptingObjects (0ms)
			CreateAndSetChildDomain (31ms)
		EndReloadAssembly (681ms)
			LoadAssemblies (79ms)
			RebuildTransferFunctionScriptingTraits (0ms)
			SetupTypeCache (240ms)
			ReleaseScriptCaches (1ms)
			RebuildScriptCaches (36ms)
			SetupLoadedEditorAssemblies (252ms)
				LogAssemblyErrors (0ms)
				InitializePlatformSupportModulesInManaged (4ms)
				SetLoadedEditorAssemblies (0ms)
				RefreshPlugins (0ms)
				BeforeProcessingInitializeOnLoad (62ms)
				ProcessInitializeOnLoadAttributes (172ms)
				ProcessInitializeOnLoadMethodAttributes (7ms)
				AfterProcessingInitializeOnLoad (6ms)
				EditorAssembliesLoaded (0ms)
			ExecutionOrderSort2 (0ms)
			AwakeInstancesAfterBackupRestoration (7ms)
Platform modules already initialized, skipping
Refreshing native plugins compatible for Editor in 0.46 ms, found 3 plugins.
Preloading 0 native plugins for Editor in 0.00 ms.
Unloading 2276 Unused Serialized files (Serialized files now loaded: 0)
System memory in use before: 178.7 MB.
System memory in use after: 179.0 MB.

Unloading 18 unused Assets to reduce memory usage. Loaded Objects now: 2819.
Total: 2.540900 ms (FindLiveObjects: 0.153200 ms CreateObjectMapping: 0.071400 ms MarkObjects: 2.300800 ms  DeleteObjects: 0.014900 ms)

AssetImportParameters requested are different than current active one (requested -> active):
  custom:framework-win-MediaFoundation: 216162199b28c13a410421893ffa2e32 -> 
  custom:video-decoder-ogg-theora: a1e56fd34408186e4bbccfd4996cb3dc -> 
  custom:container-muxer-webm: aa71ff27fc2769a1b78a27578f13a17b -> 
  custom:container-demuxer-webm: 4f35f7cbe854078d1ac9338744f61a02 -> 
  custom:container-demuxer-ogg: 62fdf1f143b41e24485cea50d1cbac27 -> 
  custom:video-encoder-webm-vp8: eb34c28f22e8b96e1ab97ce403110664 -> 
  custom:video-codec-MediaFoundation-h265: 746d11721c4dcdbdad8f713fa42b33f4 -> 
  custom:video-decoder-webm-vp8: 9c59270c3fd7afecdb556c50c9e8de78 -> 
  custom:audio-decoder-ogg-vorbis: bf7c407c2cedff20999df2af8eb42d56 -> 
  custom:audio-encoder-webm-vorbis: bf7c407c2cedff20999df2af8eb42d56 -> 
========================================================================
Received Import Request.
  Time since last request: 422.700957 seconds.
  path: Assets/Custom/Animations/MainMenuCam.controller
  artifactKey: Guid(113a6f66ea309ab42a56b3bf758cecbe) Importer(815301076,1909f56bfc062723c751e8b465ee728b)
Start importing Assets/Custom/Animations/MainMenuCam.controller using Guid(113a6f66ea309ab42a56b3bf758cecbe) Importer(815301076,1909f56bfc062723c751e8b465ee728b)  -> (artifact id: '4d3235dab5378a91e6d88f4f30d7c427') in 0.026927 seconds 
  Import took 0.030660 seconds .

========================================================================
Received Import Request.
  Time since last request: 21.344353 seconds.
  path: Assets/Custom/Animations/MainMenuCam.controller
  artifactKey: Guid(113a6f66ea309ab42a56b3bf758cecbe) Importer(815301076,1909f56bfc062723c751e8b465ee728b)
Start importing Assets/Custom/Animations/MainMenuCam.controller using Guid(113a6f66ea309ab42a56b3bf758cecbe) Importer(815301076,1909f56bfc062723c751e8b465ee728b)  -> (artifact id: '14a175e1b25045e01512a7505bda586e') in 0.004243 seconds 
  Import took 0.007607 seconds .

========================================================================
Received Prepare
Registering precompiled user dll's ...
Registered in 0.002932 seconds.
Begin MonoManager ReloadAssembly
Native extension for WindowsStandalone target not found
Native extension for OSXStandalone target not found
Refreshing native plugins compatible for Editor in 0.49 ms, found 3 plugins.
Preloading 0 native plugins for Editor in 0.00 ms.
Mono: successfully reloaded assembly
- Completed reload, in  0.848 seconds
Domain Reload Profiling:
	ReloadAssembly (848ms)
		BeginReloadAssembly (95ms)
			ExecutionOrderSort (0ms)
			DisableScriptedObjects (4ms)
			BackupInstance (0ms)
			ReleaseScriptingObjects (0ms)
			CreateAndSetChildDomain (27ms)
		EndReloadAssembly (701ms)
			LoadAssemblies (82ms)
			RebuildTransferFunctionScriptingTraits (0ms)
			SetupTypeCache (243ms)
			ReleaseScriptCaches (1ms)
			RebuildScriptCaches (35ms)
			SetupLoadedEditorAssemblies (269ms)
				LogAssemblyErrors (0ms)
				InitializePlatformSupportModulesInManaged (4ms)
				SetLoadedEditorAssemblies (0ms)
				RefreshPlugins (1ms)
				BeforeProcessingInitializeOnLoad (67ms)
				ProcessInitializeOnLoadAttributes (183ms)
				ProcessInitializeOnLoadMethodAttributes (7ms)
				AfterProcessingInitializeOnLoad (6ms)
				EditorAssembliesLoaded (0ms)
			ExecutionOrderSort2 (0ms)
			AwakeInstancesAfterBackupRestoration (8ms)
Platform modules already initialized, skipping
Refreshing native plugins compatible for Editor in 0.46 ms, found 3 plugins.
Preloading 0 native plugins for Editor in 0.00 ms.
Unloading 2276 Unused Serialized files (Serialized files now loaded: 0)
System memory in use before: 178.8 MB.
System memory in use after: 179.0 MB.

Unloading 18 unused Assets to reduce memory usage. Loaded Objects now: 2821.
Total: 2.468900 ms (FindLiveObjects: 0.185200 ms CreateObjectMapping: 0.073300 ms MarkObjects: 2.192700 ms  DeleteObjects: 0.017000 ms)

AssetImportParameters requested are different than current active one (requested -> active):
  custom:framework-win-MediaFoundation: 216162199b28c13a410421893ffa2e32 -> 
  custom:video-decoder-ogg-theora: a1e56fd34408186e4bbccfd4996cb3dc -> 
  custom:container-muxer-webm: aa71ff27fc2769a1b78a27578f13a17b -> 
  custom:container-demuxer-webm: 4f35f7cbe854078d1ac9338744f61a02 -> 
  custom:container-demuxer-ogg: 62fdf1f143b41e24485cea50d1cbac27 -> 
  custom:video-encoder-webm-vp8: eb34c28f22e8b96e1ab97ce403110664 -> 
  custom:video-codec-MediaFoundation-h265: 746d11721c4dcdbdad8f713fa42b33f4 -> 
  custom:video-decoder-webm-vp8: 9c59270c3fd7afecdb556c50c9e8de78 -> 
  custom:audio-decoder-ogg-vorbis: bf7c407c2cedff20999df2af8eb42d56 -> 
  custom:audio-encoder-webm-vorbis: bf7c407c2cedff20999df2af8eb42d56 -> 
========================================================================
Received Prepare
Registering precompiled user dll's ...
Registered in 0.002895 seconds.
Begin MonoManager ReloadAssembly
Native extension for WindowsStandalone target not found
Native extension for OSXStandalone target not found
Refreshing native plugins compatible for Editor in 0.47 ms, found 3 plugins.
Preloading 0 native plugins for Editor in 0.00 ms.
Mono: successfully reloaded assembly
- Completed reload, in  0.818 seconds
Domain Reload Profiling:
	ReloadAssembly (818ms)
		BeginReloadAssembly (92ms)
			ExecutionOrderSort (0ms)
			DisableScriptedObjects (4ms)
			BackupInstance (0ms)
			ReleaseScriptingObjects (0ms)
			CreateAndSetChildDomain (26ms)
		EndReloadAssembly (678ms)
			LoadAssemblies (80ms)
			RebuildTransferFunctionScriptingTraits (0ms)
			SetupTypeCache (233ms)
			ReleaseScriptCaches (1ms)
			RebuildScriptCaches (35ms)
			SetupLoadedEditorAssemblies (258ms)
				LogAssemblyErrors (0ms)
				InitializePlatformSupportModulesInManaged (5ms)
				SetLoadedEditorAssemblies (0ms)
				RefreshPlugins (1ms)
				BeforeProcessingInitializeOnLoad (64ms)
				ProcessInitializeOnLoadAttributes (175ms)
				ProcessInitializeOnLoadMethodAttributes (8ms)
				AfterProcessingInitializeOnLoad (6ms)
				EditorAssembliesLoaded (0ms)
			ExecutionOrderSort2 (0ms)
			AwakeInstancesAfterBackupRestoration (7ms)
Platform modules already initialized, skipping
Refreshing native plugins compatible for Editor in 0.46 ms, found 3 plugins.
Preloading 0 native plugins for Editor in 0.00 ms.
Unloading 2276 Unused Serialized files (Serialized files now loaded: 0)
System memory in use before: 178.8 MB.
System memory in use after: 179.0 MB.

Unloading 18 unused Assets to reduce memory usage. Loaded Objects now: 2823.
Total: 3.354800 ms (FindLiveObjects: 0.175000 ms CreateObjectMapping: 0.126500 ms MarkObjects: 3.028700 ms  DeleteObjects: 0.024000 ms)

AssetImportParameters requested are different than current active one (requested -> active):
  custom:framework-win-MediaFoundation: 216162199b28c13a410421893ffa2e32 -> 
  custom:video-decoder-ogg-theora: a1e56fd34408186e4bbccfd4996cb3dc -> 
  custom:container-muxer-webm: aa71ff27fc2769a1b78a27578f13a17b -> 
  custom:container-demuxer-webm: 4f35f7cbe854078d1ac9338744f61a02 -> 
  custom:container-demuxer-ogg: 62fdf1f143b41e24485cea50d1cbac27 -> 
  custom:video-encoder-webm-vp8: eb34c28f22e8b96e1ab97ce403110664 -> 
  custom:video-codec-MediaFoundation-h265: 746d11721c4dcdbdad8f713fa42b33f4 -> 
  custom:video-decoder-webm-vp8: 9c59270c3fd7afecdb556c50c9e8de78 -> 
  custom:audio-decoder-ogg-vorbis: bf7c407c2cedff20999df2af8eb42d56 -> 
  custom:audio-encoder-webm-vorbis: bf7c407c2cedff20999df2af8eb42d56 -> 
========================================================================
Received Import Request.
  Time since last request: 41.733979 seconds.
  path: Assets/Custom/Animations/Cinematics/MainMenuEasy.anim
  artifactKey: Guid(f7dd388bf162bcb47824d8d79af5b050) Importer(815301076,1909f56bfc062723c751e8b465ee728b)
Start importing Assets/Custom/Animations/Cinematics/MainMenuEasy.anim using Guid(f7dd388bf162bcb47824d8d79af5b050) Importer(815301076,1909f56bfc062723c751e8b465ee728b)  -> (artifact id: '012eeb1f66532800fa2d7b79473207e2') in 0.028024 seconds 
  Import took 0.031144 seconds .

========================================================================
Received Import Request.
  Time since last request: 0.322033 seconds.
  path: Assets/Custom/Animations/Cinematics/MainMenuEndless.anim
  artifactKey: Guid(b4149c96d329d0b4a9be68caf4913934) Importer(815301076,1909f56bfc062723c751e8b465ee728b)
Start importing Assets/Custom/Animations/Cinematics/MainMenuEndless.anim using Guid(b4149c96d329d0b4a9be68caf4913934) Importer(815301076,1909f56bfc062723c751e8b465ee728b)  -> (artifact id: '0362a55bdee867b4decbebb094f2966d') in 0.005010 seconds 
  Import took 0.008074 seconds .

========================================================================
Received Import Request.
  Time since last request: 0.270029 seconds.
  path: Assets/Custom/Animations/Cinematics/MainMenuHard.anim
  artifactKey: Guid(b48229b568d29254f93fcd6844e2521d) Importer(815301076,1909f56bfc062723c751e8b465ee728b)
Start importing Assets/Custom/Animations/Cinematics/MainMenuHard.anim using Guid(b48229b568d29254f93fcd6844e2521d) Importer(815301076,1909f56bfc062723c751e8b465ee728b)  -> (artifact id: '92674b5fb837b6e511077b245a3305da') in 0.004879 seconds 
  Import took 0.007987 seconds .

========================================================================
Received Prepare
Registering precompiled user dll's ...
Registered in 0.003085 seconds.
Begin MonoManager ReloadAssembly
Native extension for WindowsStandalone target not found
Native extension for OSXStandalone target not found
Refreshing native plugins compatible for Editor in 0.47 ms, found 3 plugins.
Preloading 0 native plugins for Editor in 0.00 ms.
Mono: successfully reloaded assembly
- Completed reload, in  0.814 seconds
Domain Reload Profiling:
	ReloadAssembly (814ms)
		BeginReloadAssembly (92ms)
			ExecutionOrderSort (0ms)
			DisableScriptedObjects (4ms)
			BackupInstance (0ms)
			ReleaseScriptingObjects (0ms)
			CreateAndSetChildDomain (27ms)
		EndReloadAssembly (674ms)
			LoadAssemblies (79ms)
			RebuildTransferFunctionScriptingTraits (0ms)
			SetupTypeCache (238ms)
			ReleaseScriptCaches (1ms)
			RebuildScriptCaches (35ms)
			SetupLoadedEditorAssemblies (250ms)
				LogAssemblyErrors (0ms)
				InitializePlatformSupportModulesInManaged (4ms)
				SetLoadedEditorAssemblies (0ms)
				RefreshPlugins (1ms)
				BeforeProcessingInitializeOnLoad (62ms)
				ProcessInitializeOnLoadAttributes (170ms)
				ProcessInitializeOnLoadMethodAttributes (7ms)
				AfterProcessingInitializeOnLoad (5ms)
				EditorAssembliesLoaded (0ms)
			ExecutionOrderSort2 (0ms)
			AwakeInstancesAfterBackupRestoration (7ms)
Platform modules already initialized, skipping
Refreshing native plugins compatible for Editor in 0.47 ms, found 3 plugins.
Preloading 0 native plugins for Editor in 0.00 ms.
Unloading 2276 Unused Serialized files (Serialized files now loaded: 0)
System memory in use before: 178.7 MB.
System memory in use after: 178.9 MB.

Unloading 18 unused Assets to reduce memory usage. Loaded Objects now: 2825.
Total: 2.306200 ms (FindLiveObjects: 0.153100 ms CreateObjectMapping: 0.074800 ms MarkObjects: 2.061800 ms  DeleteObjects: 0.015700 ms)

AssetImportParameters requested are different than current active one (requested -> active):
  custom:framework-win-MediaFoundation: 216162199b28c13a410421893ffa2e32 -> 
  custom:video-decoder-ogg-theora: a1e56fd34408186e4bbccfd4996cb3dc -> 
  custom:container-muxer-webm: aa71ff27fc2769a1b78a27578f13a17b -> 
  custom:container-demuxer-webm: 4f35f7cbe854078d1ac9338744f61a02 -> 
  custom:container-demuxer-ogg: 62fdf1f143b41e24485cea50d1cbac27 -> 
  custom:video-encoder-webm-vp8: eb34c28f22e8b96e1ab97ce403110664 -> 
  custom:video-codec-MediaFoundation-h265: 746d11721c4dcdbdad8f713fa42b33f4 -> 
  custom:video-decoder-webm-vp8: 9c59270c3fd7afecdb556c50c9e8de78 -> 
  custom:audio-decoder-ogg-vorbis: bf7c407c2cedff20999df2af8eb42d56 -> 
  custom:audio-encoder-webm-vorbis: bf7c407c2cedff20999df2af8eb42d56 -> 
AssetImportWorkerClient::OnTransportError - code=2 error=End of file
